 Calc26p - Reciprocating Compressors Preselection
 Vers.2.5.0.6   

 ** Thermodynamic data rel.19/02/13 **


 Automatic Selection


 Selected Compressor Type    6HES/5-1
 Number of crank                      6
 Frame size                  HESl
 Stroke (mm)                       240.
 Power/crank (kW)                    0.
 Connecting Rod lenght (mm)       770.0
 Rod diameter (mm)                  90.
 Max Gas+inertia Load C (DaN)    50000.
 Max Gas+inertia Load T (DaN)    50000.
 Cross-Head mass        (kg)       223.
 RPM                               720.
 RPM max                           750.      750.
 Electric motor type                  5 - 5-Synchro. 60Hz 
 EQS                                  3
 
 
 Number of poles                     10
 Allowable piston speed (m/s)      6.00
 Piston speed           (m/s)      5.76


 Absorbed power          (kW)   3163.08



 Service                           1         2
 Rated Flow (Nm3/h)         20618.56   7216.49
 Rated Flow (kg/h)          12972.16  18551.38
 Number of stages                  5         1
 Molecular weight            14.1018   57.6195
 Service isoentr.Pw (kW)     2481.86     54.25
 Suction pressure (bar)         3.90     81.00
 Disch.  pressure (bar)        70.00    138.00
 Suction press.loss           0.0100    0.0100
 Dich.   press.loss           0.0100    0.0100

 Service/Stage                  1/ 1      1/ 2      1/ 3      1/ 4      1/ 5      2/ 1
 Actual suct. Vol. (m3/h)    7244.58   4066.11   2282.35   1281.73    720.70     33.49
 Suct. Press.      (bar)        3.89      6.92     12.33     21.97     39.14     80.31
 Disc. Press.      (bar)        7.15     12.68     22.52     40.02     70.26    139.16
 Compression ratio              1.84      1.83      1.83      1.82      1.80      1.73
 Suction Temp.     (°C)        95.00     95.00     95.00     95.00     95.00     75.00
 Disc. Temp.       (°C)       135.76    135.60    135.55    135.64    135.03     78.25
 Kv compression                 1.21      1.21      1.22      1.22      1.24     28.41
 Kv expansion                   1.11      1.11      1.12      1.12      1.14     28.31
 Compression factor             1.00      1.00      1.00      1.00      1.00      0.29
 Stage isoentr.power (kW)     502.97    499.89    497.47    495.89    485.65     54.25
 Coeff.Vol. efficiency          0.95      0.95      0.95      0.95      0.95      0.95
 Number of cylinders               1         1         1         1         1         1
 Sel. cylinder diam.(mm)      730.00    540.00    410.00    310.00    265.00    175.00
 Calc.Mean Cyl. Clearance     0.1566    0.1188    0.1408    0.1420    0.4435   46.8479
 Min. Mean Cyl. Clearance     0.1239    0.1046    0.0952    0.1260    0.3709    0.4116
 Recipr. masses (kg)          590.90    532.90    458.90    513.90    434.90    361.90
 Gas+in. load compr. (DaN)  34275.40  31128.52  27211.20  30991.59  27534.45  25950.20
 Gas+in. load tract. (DaN)  36351.96  34653.68  28721.74  31428.03  16450.72   9273.25
 Gas     load compr. (DaN)  13901.50  13638.81  14242.36  15020.94  19653.19  19262.59
 Gas     load tract. (DaN)  13199.63  12391.52  12024.94  11077.53  12693.88   5300.39


 Light RCS


 Selected Compressor Type    6HES/5-1
 Number of crank                      6
 Frame size                  HESl
 Stroke (mm)                       240.
 Power/crank (kW)                    0.
 Connecting Rod lenght (mm)       770.0
 Rod diameter (mm)                  90.
 Max Gas+inertia Load C (DaN)    50000.
 Max Gas+inertia Load T (DaN)    50000.
 Cross-Head mass        (kg)       223.
 RPM                               720.
 RPM max                           750.      750.
 Electric motor type                  5 - 5-Synchro. 60Hz 
 EQS                                  3
 
 
 Number of poles                     10
 Allowable piston speed (m/s)      6.00
 Piston speed           (m/s)      5.76


 Absorbed power          (kW)   3163.08



 Service                           1         2
 Calculated flow (Nm3/h)    20618.56   7216.49
 Service isoentr.Pw (kW)     2481.86     54.25

 Service/Stage                  1/ 1      1/ 2      1/ 3      1/ 4      1/ 5      2/ 1
 Actual suct. Vol. (m3/h)    7244.57   4066.11   2282.35   1281.73    720.70     33.49
 Suct. Press.      (bar)        3.89      6.92     12.33     21.97     39.14     80.31
 Disc. Press.      (bar)        7.15     12.68     22.52     40.02     70.26    139.16
 Compression ratio              1.84      1.83      1.83      1.82      1.80      1.73
 Suction Temp.     (°C)        95.00     95.00     95.00     95.00     95.00     75.00
 Disc. Temp.       (°C)       135.76    135.60    135.55    135.64    135.03     78.25
 Kv compression                 1.21      1.21      1.22      1.22      1.24     28.41
 Kv expansion                   1.11      1.11      1.12      1.12      1.14     28.31
 Compression factor             1.00      1.00      1.00      1.00      1.00      0.29
 Stage isoentr.power (kW)     502.97    499.89    497.47    495.89    485.65     54.25
 Coeff.Vol. efficiency          0.95      0.95      0.95      0.95      0.95      0.95
 Number of cylinders               1         1         1         1         1         1
 Sel. cylinder diam.(mm)      730.00    540.00    410.00    310.00    265.00    175.00
 Calc.Mean Cyl. Clearance     0.1566    0.1188    0.1408    0.1420    0.4435   46.8479
 Min. Mean Cyl. Clearance     0.1239    0.1046    0.0952    0.1260    0.3709    0.4116
 Recipr. masses (kg)          590.90    532.90    458.90    513.90    434.90    361.90
 Gas+in. load compr. (DaN)  34275.40  31128.52  27211.20  30991.59  27534.45  25950.20
 Gas+in. load tract. (DaN)  36351.96  34653.68  28721.74  31428.03  16450.72   9273.25
 Gas     load compr. (DaN)  13901.50  13638.81  14242.36  15020.94  19653.19  19262.59
 Gas     load tract. (DaN)  13199.63  12391.52  12024.94  11077.53  12693.88   5300.39

 Auto sel.:               
 % of reverse loads            94.29     89.83     94.74     98.61     59.75     35.73
 degree of reverse load       164.00    164.00    163.00    159.00    155.00    100.00
 Allowable % loads MAX         10.00     10.00     10.00     10.00     10.00     10.00
 Allowable deg loads MAX       20.00     20.00     20.00     20.00     20.00     20.00
 Piston+rod  mass (kg)        368.00    310.00    236.00    291.00    212.00    139.00

 LightRCS:                
 % of reverse loads            94.29     89.83     94.74     98.61     59.75     35.73
 degree of reverse load       164.00    164.00    163.00    159.00    155.00    100.00
 Allowable % loads MAX         10.00     10.00     10.00     10.00     10.00     10.00
 Allowable deg loads MAX       20.00     20.00     20.00     20.00     20.00     20.00
 Piston+rod  mass (kg)        368.00    310.00    236.00    291.00    212.00    139.00

 HE-S                
 HE-S                
